Arguments: 
  /home/zenji/.nvm/versions/node/v16.14.0/bin/node /home/zenji/.nvm/versions/node/v16.14.0/bin/yarn publish

PATH: 
  /tmp/yarn--1670316156908-0.1767863425889047:/mnt/7FC5367C701ABA46/Programming/source-code/2022/chrome-extension/wizit/wizit-type/node_modules/.bin:/home/zenji/.config/yarn/link/node_modules/.bin:/home/zenji/.yarn/bin:/home/zenji/.nvm/versions/node/v16.14.0/libexec/lib/node_modules/npm/bin/node-gyp-bin:/home/zenji/.nvm/versions/node/v16.14.0/lib/node_modules/npm/bin/node-gyp-bin:/home/zenji/.nvm/versions/node/v16.14.0/bin/node_modules/npm/bin/node-gyp-bin:/home/zenji/.nvm/versions/node/v16.14.0/bin:/usr/local/sbin:/usr/local/bin:/usr/sbin:/usr/bin:/sbin:/bin:/usr/games:/usr/local/games:/snap/bin:/mnt/7FC5367C701ABA46/Programming/source-code/2022/chrome-extension/wizit/wizit-type/node_modules/.bin

Yarn version: 
  1.22.17

Node version: 
  16.14.0

Platform: 
  linux x64

Trace: 
  Error: canceled
      at Interface.<anonymous> (/home/zenji/.nvm/versions/node/v16.14.0/lib/node_modules/yarn/lib/cli.js:137143:13)
      at Interface.emit (node:events:520:28)
      at Interface._ttyWrite (node:readline:1081:16)
      at ReadStream.onkeypress (node:readline:288:10)
      at ReadStream.emit (node:events:520:28)
      at emitKeys (node:internal/readline/utils:358:14)
      at emitKeys.next (<anonymous>)
      at ReadStream.onData (node:internal/readline/emitKeypressEvents:61:36)
      at ReadStream.emit (node:events:520:28)
      at addChunk (node:internal/streams/readable:315:12)

npm manifest: 
  {
    "name": "wizit-type",
    "version": "1.0.13",
    "description": "Types declaration for Wizit extension and Wizit serverless",
    "main": "dist/index.js",
    "types": "dist/index.d.ts",
    "author": "zenji <canhtoannguyen60@gmail.com>",
    "license": "MIT",
    "dependencies": {
      "@types/node": "^14.14.37",
      "typescript": "^4.0.0"
    },
    "scripts": {
      "build": "rm -rf dist && tsc",
      "bp": "yarn run build && yarn publish"
    },
    "homepage": "https://github.com/zenzjtech/wizit-type",
    "bugs": "https://github.com/zenzjtech/wizit-type/issues",
    "repository": {
      "url": "https://github.com/zenzjtech/wizit-type",
      "type": "git"
    }
  }

yarn manifest: 
  No manifest

Lockfile: 
  # THIS IS AN AUTOGENERATED FILE. DO NOT EDIT THIS FILE DIRECTLY.
  # yarn lockfile v1
  
  
  "@types/node@^14.14.37":
    version "14.18.32"
    resolved "https://registry.yarnpkg.com/@types/node/-/node-14.18.32.tgz#8074f7106731f1a12ba993fe8bad86ee73905014"
    integrity sha512-Y6S38pFr04yb13qqHf8uk1nHE3lXgQ30WZbv1mLliV9pt0NjvqdWttLcrOYLnXbOafknVYRHZGoMSpR9UwfYow==
  
  typescript@^4.0.0:
    version "4.8.4"
    resolved "https://registry.yarnpkg.com/typescript/-/typescript-4.8.4.tgz#c464abca159669597be5f96b8943500b238e60e6"
    integrity sha512-QCh+85mCy+h0IGff8r5XWzOVSbBO+KfeYrMQh7NJ58QujwcE22u+NUSmUxqF+un70P9GXKxa2HCNiTTMJknyjQ==
